F:\WORK\COMPANY\EXOSIGHT-TECH\PROJECT\PRJ001-UBERT\UBERT_DLL\TRUNK\DLP\DEMOCPLUSCONSOLEAPP\X64\DEBUG\DEMOCPLUSCONSOLEAPP.EXE
F:\WORK\COMPANY\EXOSIGHT-TECH\PROJECT\PRJ001-UBERT\UBERT_DLL\TRUNK\DLP\DEMOCPLUSCONSOLEAPP\X64\DEBUG\DEMOCPLUSCONSOLEAPP.ILK
F:\WORK\COMPANY\EXOSIGHT-TECH\PROJECT\PRJ001-UBERT\UBERT_DLL\TRUNK\DLP\DEMOCPLUSCONSOLEAPP\X64\DEBUG\DEMOCPLUSCONSOLEAPP.PDB
F:\WORK\COMPANY\EXOSIGHT-TECH\PROJECT\PRJ001-UBERT\UBERT_DLL\TRUNK\DLP\DEMOCPLUSCONSOLEAPP\X64\DEBUG\OBJ\DEMOCPLUSCONSOLEAPP.EXE.EMBED.MANIFEST
F:\WORK\COMPANY\EXOSIGHT-TECH\PROJECT\PRJ001-UBERT\UBERT_DLL\TRUNK\DLP\DEMOCPLUSCONSOLEAPP\X64\DEBUG\OBJ\DEMOCPLUSCONSOLEAPP.EXE.EMBED.MANIFEST.RES
F:\WORK\COMPANY\EXOSIGHT-TECH\PROJECT\PRJ001-UBERT\UBERT_DLL\TRUNK\DLP\DEMOCPLUSCONSOLEAPP\X64\DEBUG\OBJ\DEMOCPLUSCONSOLEAPP.EXE.INTERMEDIATE.MANIFEST
F:\WORK\COMPANY\EXOSIGHT-TECH\PROJECT\PRJ001-UBERT\UBERT_DLL\TRUNK\DLP\DEMOCPLUSCONSOLEAPP\X64\DEBUG\OBJ\DEMOCPLUSCONSOLEAPP.PCH
F:\WORK\COMPANY\EXOSIGHT-TECH\PROJECT\PRJ001-UBERT\UBERT_DLL\TRUNK\DLP\DEMOCPLUSCONSOLEAPP\X64\DEBUG\OBJ\DEMOWIN32CONSOLE.OBJ
F:\WORK\COMPANY\EXOSIGHT-TECH\PROJECT\PRJ001-UBERT\UBERT_DLL\TRUNK\DLP\DEMOCPLUSCONSOLEAPP\X64\DEBUG\OBJ\PUBFUN.OBJ
F:\WORK\COMPANY\EXOSIGHT-TECH\PROJECT\PRJ001-UBERT\UBERT_DLL\TRUNK\DLP\DEMOCPLUSCONSOLEAPP\X64\DEBUG\OBJ\STDAFX.OBJ
F:\WORK\COMPANY\EXOSIGHT-TECH\PROJECT\PRJ001-UBERT\UBERT_DLL\TRUNK\DLP\DEMOCPLUSCONSOLEAPP\X64\DEBUG\OBJ\VC100.PDB
F:\work\company\exosight-tech\project\prj001-ubert\ubert_dll\trunk\ver\V0.7-201904222350\DevDllVer0.7\demo\DemoCPlusConsoleApp\x64\Debug\DemoCPlusConsoleApp.exe
F:\work\company\exosight-tech\project\prj001-ubert\ubert_dll\trunk\ver\V0.7-201904222350\DevDllVer0.7\demo\DemoCPlusConsoleApp\x64\Debug\DemoCPlusConsoleApp.ilk
F:\work\company\exosight-tech\project\prj001-ubert\ubert_dll\trunk\ver\V0.7-201904222350\DevDllVer0.7\demo\DemoCPlusConsoleApp\x64\Debug\DemoCPlusConsoleApp.pdb
F:\work\company\exosight-tech\project\prj001-ubert\ubert_dll\trunk\ver\V0.7-201904222350\DevDllVer0.7\demo\DemoCPlusConsoleApp\x64\Debug\obj\cl.command.1.tlog
F:\work\company\exosight-tech\project\prj001-ubert\ubert_dll\trunk\ver\V0.7-201904222350\DevDllVer0.7\demo\DemoCPlusConsoleApp\x64\Debug\obj\CL.read.1.tlog
F:\work\company\exosight-tech\project\prj001-ubert\ubert_dll\trunk\ver\V0.7-201904222350\DevDllVer0.7\demo\DemoCPlusConsoleApp\x64\Debug\obj\CL.write.1.tlog
F:\work\company\exosight-tech\project\prj001-ubert\ubert_dll\trunk\ver\V0.7-201904222350\DevDllVer0.7\demo\DemoCPlusConsoleApp\x64\Debug\obj\DemoCPlusConsoleApp.exe.embed.manifest
F:\work\company\exosight-tech\project\prj001-ubert\ubert_dll\trunk\ver\V0.7-201904222350\DevDllVer0.7\demo\DemoCPlusConsoleApp\x64\Debug\obj\DemoCPlusConsoleApp.exe.embed.manifest.res
F:\work\company\exosight-tech\project\prj001-ubert\ubert_dll\trunk\ver\V0.7-201904222350\DevDllVer0.7\demo\DemoCPlusConsoleApp\x64\Debug\obj\DemoCPlusConsoleApp.exe.intermediate.manifest
F:\work\company\exosight-tech\project\prj001-ubert\ubert_dll\trunk\ver\V0.7-201904222350\DevDllVer0.7\demo\DemoCPlusConsoleApp\x64\Debug\obj\DemoCPlusConsoleApp.pch
F:\work\company\exosight-tech\project\prj001-ubert\ubert_dll\trunk\ver\V0.7-201904222350\DevDllVer0.7\demo\DemoCPlusConsoleApp\x64\Debug\obj\DemoCPlusConsoleApp.write.1.tlog
F:\work\company\exosight-tech\project\prj001-ubert\ubert_dll\trunk\ver\V0.7-201904222350\DevDllVer0.7\demo\DemoCPlusConsoleApp\x64\Debug\obj\DemoCPlusConsoleApp_manifest.rc
F:\work\company\exosight-tech\project\prj001-ubert\ubert_dll\trunk\ver\V0.7-201904222350\DevDllVer0.7\demo\DemoCPlusConsoleApp\x64\Debug\obj\DemoWin32Console.obj
F:\work\company\exosight-tech\project\prj001-ubert\ubert_dll\trunk\ver\V0.7-201904222350\DevDllVer0.7\demo\DemoCPlusConsoleApp\x64\Debug\obj\link.21488.read.1.tlog
F:\work\company\exosight-tech\project\prj001-ubert\ubert_dll\trunk\ver\V0.7-201904222350\DevDllVer0.7\demo\DemoCPlusConsoleApp\x64\Debug\obj\link.21488.write.1.tlog
F:\work\company\exosight-tech\project\prj001-ubert\ubert_dll\trunk\ver\V0.7-201904222350\DevDllVer0.7\demo\DemoCPlusConsoleApp\x64\Debug\obj\link.21488-cvtres.read.1.tlog
F:\work\company\exosight-tech\project\prj001-ubert\ubert_dll\trunk\ver\V0.7-201904222350\DevDllVer0.7\demo\DemoCPlusConsoleApp\x64\Debug\obj\link.21488-cvtres.write.1.tlog
F:\work\company\exosight-tech\project\prj001-ubert\ubert_dll\trunk\ver\V0.7-201904222350\DevDllVer0.7\demo\DemoCPlusConsoleApp\x64\Debug\obj\link.command.1.tlog
F:\work\company\exosight-tech\project\prj001-ubert\ubert_dll\trunk\ver\V0.7-201904222350\DevDllVer0.7\demo\DemoCPlusConsoleApp\x64\Debug\obj\link.read.1.tlog
F:\work\company\exosight-tech\project\prj001-ubert\ubert_dll\trunk\ver\V0.7-201904222350\DevDllVer0.7\demo\DemoCPlusConsoleApp\x64\Debug\obj\link.write.1.tlog
F:\work\company\exosight-tech\project\prj001-ubert\ubert_dll\trunk\ver\V0.7-201904222350\DevDllVer0.7\demo\DemoCPlusConsoleApp\x64\Debug\obj\link-cvtres.read.1.tlog
F:\work\company\exosight-tech\project\prj001-ubert\ubert_dll\trunk\ver\V0.7-201904222350\DevDllVer0.7\demo\DemoCPlusConsoleApp\x64\Debug\obj\link-cvtres.write.1.tlog
F:\work\company\exosight-tech\project\prj001-ubert\ubert_dll\trunk\ver\V0.7-201904222350\DevDllVer0.7\demo\DemoCPlusConsoleApp\x64\Debug\obj\mt.command.1.tlog
F:\work\company\exosight-tech\project\prj001-ubert\ubert_dll\trunk\ver\V0.7-201904222350\DevDllVer0.7\demo\DemoCPlusConsoleApp\x64\Debug\obj\mt.read.1.tlog
F:\work\company\exosight-tech\project\prj001-ubert\ubert_dll\trunk\ver\V0.7-201904222350\DevDllVer0.7\demo\DemoCPlusConsoleApp\x64\Debug\obj\mt.write.1.tlog
F:\work\company\exosight-tech\project\prj001-ubert\ubert_dll\trunk\ver\V0.7-201904222350\DevDllVer0.7\demo\DemoCPlusConsoleApp\x64\Debug\obj\pubfun.obj
F:\work\company\exosight-tech\project\prj001-ubert\ubert_dll\trunk\ver\V0.7-201904222350\DevDllVer0.7\demo\DemoCPlusConsoleApp\x64\Debug\obj\rc.command.1.tlog
F:\work\company\exosight-tech\project\prj001-ubert\ubert_dll\trunk\ver\V0.7-201904222350\DevDllVer0.7\demo\DemoCPlusConsoleApp\x64\Debug\obj\rc.read.1.tlog
F:\work\company\exosight-tech\project\prj001-ubert\ubert_dll\trunk\ver\V0.7-201904222350\DevDllVer0.7\demo\DemoCPlusConsoleApp\x64\Debug\obj\rc.write.1.tlog
F:\work\company\exosight-tech\project\prj001-ubert\ubert_dll\trunk\ver\V0.7-201904222350\DevDllVer0.7\demo\DemoCPlusConsoleApp\x64\Debug\obj\stdafx.obj
F:\work\company\exosight-tech\project\prj001-ubert\ubert_dll\trunk\ver\V0.7-201904222350\DevDllVer0.7\demo\DemoCPlusConsoleApp\x64\Debug\obj\vc100.idb
F:\work\company\exosight-tech\project\prj001-ubert\ubert_dll\trunk\ver\V0.7-201904222350\DevDllVer0.7\demo\DemoCPlusConsoleApp\x64\Debug\obj\vc100.pdb
