F:\WORK\COMPANY\EXOSIGHT-TECH\PROJECT\PRJ001-UBERT\UBERT_DLL\TRUNK\DLP\DEMOCPLUSCONSOLEAPP\WIN32\RELEASE\DEMOCPLUSCONSOLEAPP.EXE
F:\WORK\COMPANY\EXOSIGHT-TECH\PROJECT\PRJ001-UBERT\UBERT_DLL\TRUNK\DLP\DEMOCPLUSCONSOLEAPP\WIN32\RELEASE\DEMOCPLUSCONSOLEAPP.PDB
F:\WORK\COMPANY\EXOSIGHT-TECH\PROJECT\PRJ001-UBERT\UBERT_DLL\TRUNK\DLP\DEMOCPLUSCONSOLEAPP\WIN32\RELEASE\OBJ\DEMOCPLUSCONSOLEAPP.EXE.INTERMEDIATE.MANIFEST
F:\WORK\COMPANY\EXOSIGHT-TECH\PROJECT\PRJ001-UBERT\UBERT_DLL\TRUNK\DLP\DEMOCPLUSCONSOLEAPP\WIN32\RELEASE\OBJ\DEMOCPLUSCONSOLEAPP.PCH
F:\WORK\COMPANY\EXOSIGHT-TECH\PROJECT\PRJ001-UBERT\UBERT_DLL\TRUNK\DLP\DEMOCPLUSCONSOLEAPP\WIN32\RELEASE\OBJ\DEMOWIN32CONSOLE.OBJ
F:\WORK\COMPANY\EXOSIGHT-TECH\PROJECT\PRJ001-UBERT\UBERT_DLL\TRUNK\DLP\DEMOCPLUSCONSOLEAPP\WIN32\RELEASE\OBJ\PUBFUN.OBJ
F:\WORK\COMPANY\EXOSIGHT-TECH\PROJECT\PRJ001-UBERT\UBERT_DLL\TRUNK\DLP\DEMOCPLUSCONSOLEAPP\WIN32\RELEASE\OBJ\STDAFX.OBJ
F:\WORK\COMPANY\EXOSIGHT-TECH\PROJECT\PRJ001-UBERT\UBERT_DLL\TRUNK\DLP\DEMOCPLUSCONSOLEAPP\WIN32\RELEASE\OBJ\VC100.PDB
F:\work\company\exosight-tech\project\prj001-ubert\ubert_dll\trunk\ver\V0.7-201904222350\DevDllVer0.7\demo\DemoCPlusConsoleApp\Win32\Release\DemoCPlusConsoleApp.exe
F:\work\company\exosight-tech\project\prj001-ubert\ubert_dll\trunk\ver\V0.7-201904222350\DevDllVer0.7\demo\DemoCPlusConsoleApp\Win32\Release\DemoCPlusConsoleApp.pdb
F:\work\company\exosight-tech\project\prj001-ubert\ubert_dll\trunk\ver\V0.7-201904222350\DevDllVer0.7\demo\DemoCPlusConsoleApp\Win32\Release\obj\cl.command.1.tlog
F:\work\company\exosight-tech\project\prj001-ubert\ubert_dll\trunk\ver\V0.7-201904222350\DevDllVer0.7\demo\DemoCPlusConsoleApp\Win32\Release\obj\CL.read.1.tlog
F:\work\company\exosight-tech\project\prj001-ubert\ubert_dll\trunk\ver\V0.7-201904222350\DevDllVer0.7\demo\DemoCPlusConsoleApp\Win32\Release\obj\CL.write.1.tlog
F:\work\company\exosight-tech\project\prj001-ubert\ubert_dll\trunk\ver\V0.7-201904222350\DevDllVer0.7\demo\DemoCPlusConsoleApp\Win32\Release\obj\DemoCPlusConsoleApp.exe.intermediate.manifest
F:\work\company\exosight-tech\project\prj001-ubert\ubert_dll\trunk\ver\V0.7-201904222350\DevDllVer0.7\demo\DemoCPlusConsoleApp\Win32\Release\obj\DemoCPlusConsoleApp.pch
F:\work\company\exosight-tech\project\prj001-ubert\ubert_dll\trunk\ver\V0.7-201904222350\DevDllVer0.7\demo\DemoCPlusConsoleApp\Win32\Release\obj\DemoCPlusConsoleApp.write.1.tlog
F:\work\company\exosight-tech\project\prj001-ubert\ubert_dll\trunk\ver\V0.7-201904222350\DevDllVer0.7\demo\DemoCPlusConsoleApp\Win32\Release\obj\DemoWin32Console.obj
F:\work\company\exosight-tech\project\prj001-ubert\ubert_dll\trunk\ver\V0.7-201904222350\DevDllVer0.7\demo\DemoCPlusConsoleApp\Win32\Release\obj\link.command.1.tlog
F:\work\company\exosight-tech\project\prj001-ubert\ubert_dll\trunk\ver\V0.7-201904222350\DevDllVer0.7\demo\DemoCPlusConsoleApp\Win32\Release\obj\link.read.1.tlog
F:\work\company\exosight-tech\project\prj001-ubert\ubert_dll\trunk\ver\V0.7-201904222350\DevDllVer0.7\demo\DemoCPlusConsoleApp\Win32\Release\obj\link.write.1.tlog
F:\work\company\exosight-tech\project\prj001-ubert\ubert_dll\trunk\ver\V0.7-201904222350\DevDllVer0.7\demo\DemoCPlusConsoleApp\Win32\Release\obj\mt.command.1.tlog
F:\work\company\exosight-tech\project\prj001-ubert\ubert_dll\trunk\ver\V0.7-201904222350\DevDllVer0.7\demo\DemoCPlusConsoleApp\Win32\Release\obj\mt.read.1.tlog
F:\work\company\exosight-tech\project\prj001-ubert\ubert_dll\trunk\ver\V0.7-201904222350\DevDllVer0.7\demo\DemoCPlusConsoleApp\Win32\Release\obj\mt.write.1.tlog
F:\work\company\exosight-tech\project\prj001-ubert\ubert_dll\trunk\ver\V0.7-201904222350\DevDllVer0.7\demo\DemoCPlusConsoleApp\Win32\Release\obj\pubfun.obj
F:\work\company\exosight-tech\project\prj001-ubert\ubert_dll\trunk\ver\V0.7-201904222350\DevDllVer0.7\demo\DemoCPlusConsoleApp\Win32\Release\obj\stdafx.obj
F:\work\company\exosight-tech\project\prj001-ubert\ubert_dll\trunk\ver\V0.7-201904222350\DevDllVer0.7\demo\DemoCPlusConsoleApp\Win32\Release\obj\vc100.pdb
